#
# A fatal error has been detected by the Java Runtime Environment:
#
#  EXCEPTION_ACCESS_VIOLATION (0xc0000005) at pc=0x71cfd6f7, pid=5024, tid=1972
#
# JRE version: 7.0_01-b08
# Java VM: Java HotSpot(TM) Client VM (21.1-b02 mixed mode windows-x86 )
# Problematic frame:
# V  [jvm.dll+0x19d6f7]
#
# Failed to write core dump. Minidumps are not enabled by default on client versions of Windows
#
# If you would like to submit a bug report, please visit:
#   http://bugreport.sun.com/bugreport/crash.jsp
#

---------------  T H R E A D  ---------------

Current thread (0x00beb000):  JavaThread "JDWP Transport Listener: dt_socket" daemon [_thread_in_vm, id=1972, stack(0x18210000,0x18260000)]

siginfo: ExceptionCode=0xc0000005, reading address 0xccccccc7

Registers:
EAX=0x00000000, EBX=0x19bf2450, ECX=0x19bf2458, EDX=0x01b3cd08
ESP=0x1825efa8, EBP=0x1825efb0, ESI=0xccccccc3, EDI=0x1825f014
EIP=0x71cfd6f7, EFLAGS=0x00010246

Top of Stack: (sp=0x1825efa8)
0x1825efa8:   1825f014 1825effc 1825efe0 71c7f235
0x1825efb8:   1825effc 1825f014 1825f0d4 19bf2530
0x1825efc8:   005c9800 71ca4b8c 1825f048 1825f060
0x1825efd8:   eb6c22b5 1825f0d8 1825f0d8 71ca4cfc
0x1825efe8:   1825effc 1825f014 00000fce 19bf2450
0x1825eff8:   00bf0850 71ca7ea8 cccccccc 00000000
0x1825f008:   00000000 ccccccc3 71ca7ea8 00000000
0x1825f018:   00000000 00000000 00000000 00000000 

Instructions: (pc=0x71cfd6f7)
0x71cfd6d7:   c2 08 00 83 7e 08 00 74 14 57 8b 7d 08 57 8b ce
0x71cfd6e7:   e8 e4 fe ff ff 8b c7 5f 5e 5d c2 08 00 8b 76 10
0x71cfd6f7:   8b 46 04 8b 0e 50 51 83 c6 08 56 8b 75 08 8b ce
0x71cfd707:   e8 14 fd e7 ff 5f 8b c6 5e 5d c2 08 00 cc cc cc 


Register to memory mapping:

EAX=0x00000000 is an unknown value
EBX=0x19bf2450 is an unknown value
ECX=0x19bf2458 is an unknown value
EDX=0x01b3cd08 [CodeBlob (0x01b3cd08)]
Framesize: 6
RicochetBlob
ESP=0x1825efa8 is pointing into the stack for thread: 0x00beb000
EBP=0x1825efb0 is pointing into the stack for thread: 0x00beb000
ESI=0xccccccc3 is an unknown value
EDI=0x1825f014 is pointing into the stack for thread: 0x00beb000


Stack: [0x18210000,0x18260000],  sp=0x1825efa8,  free space=315k
Native frames: (J=compiled Java code, j=interpreted, Vv=VM code, C=native code)
V  [jvm.dll+0x19d6f7]
V  [jvm.dll+0x11f235]
V  [jvm.dll+0x144cfc]
V  [jvm.dll+0x1449b5]
V  [jvm.dll+0xe50fe]
V  [jvm.dll+0xde33a]
V  [jvm.dll+0x1cc8e0]
C  [jdwp.dll+0x6c46]
C  [jdwp.dll+0xbd12]  Agent_OnLoad+0x9a5


---------------  P R O C E S S  ---------------

Java Threads: ( => current thread )
  0x00d4bc00 JavaThread "AWT-EventQueue-0" [_thread_blocked, id=5044, stack(0x18730000,0x18780000)]
  0x00cb9400 JavaThread "AWT-Shutdown" [_thread_blocked, id=3704, stack(0x18640000,0x18690000)]
  0x00cb6c00 JavaThread "Java2D Disposer" daemon [_thread_blocked, id=5052, stack(0x184e0000,0x18530000)]
  0x00c16c00 JavaThread "Service Thread" daemon [_thread_blocked, id=7732, stack(0x18570000,0x185c0000)]
  0x00c02c00 JavaThread "C1 CompilerThread0" daemon [_thread_blocked, id=3372, stack(0x18120000,0x18170000)]
  0x00bf2000 JavaThread "JDWP Event Helper Thread" daemon [_thread_blocked, id=6268, stack(0x18320000,0x18370000)]
=>0x00beb000 JavaThread "JDWP Transport Listener: dt_socket" daemon [_thread_in_vm, id=1972, stack(0x18210000,0x18260000)]
  0x00be0c00 JavaThread "Attach Listener" daemon [_thread_blocked, id=3936, stack(0x17c10000,0x17c60000)]
  0x00bdd800 JavaThread "Signal Dispatcher" daemon [_thread_blocked, id=6264, stack(0x00e10000,0x00e60000)]
  0x00b8ac00 JavaThread "Finalizer" daemon [_thread_blocked, id=6380, stack(0x17cb0000,0x17d00000)]
  0x00b85800 JavaThread "Reference Handler" daemon [_thread_blocked, id=7108, stack(0x00e70000,0x00ec0000)]
  0x005c9800 JavaThread "main" [_thread_blocked, id=5880, stack(0x009b0000,0x00a00000)]

Other Threads:
  0x005bfc00 VMThread [stack: 0x00da0000,0x00df0000] [id=8156]

VM state:synchronizing (normal execution)

VM Mutex/Monitor currently owned by a thread:  ([mutex/lock_event])
[0x005c7c20] Threads_lock - owner thread: 0x005bfc00

Heap
 def new generation   total 4928K, used 2312K [0x03b10000, 0x04060000, 0x09060000)
  eden space 4416K,  52% used [0x03b10000, 0x03d52260, 0x03f60000)
  from space 512K,   0% used [0x03f60000, 0x03f60000, 0x03fe0000)
  to   space 512K,   0% used [0x03fe0000, 0x03fe0000, 0x04060000)
 tenured generation   total 10944K, used 0K [0x09060000, 0x09b10000, 0x13b10000)
   the space 10944K,   0% used [0x09060000, 0x09060000, 0x09060200, 0x09b10000)
 compacting perm gen  total 12288K, used 4791K [0x13b10000, 0x14710000, 0x17b10000)
   the space 12288K,  38% used [0x13b10000, 0x13fbdf90, 0x13fbe000, 0x14710000)
No shared spaces configured.

Code Cache  [0x01b10000, 0x01b98000, 0x03b10000)
 total_blobs=255 nmethods=67 adapters=129 free_code_cache=32231Kb largest_free_block=33005184

Dynamic libraries:
0x00ee0000 - 0x00f0f000 	C:\Program Files\Java\jre7\bin\javaw.exe
0x77d50000 - 0x77e8c000 	C:\Windows\SYSTEM32\ntdll.dll
0x77350000 - 0x77424000 	C:\Windows\system32\kernel32.dll
0x75f80000 - 0x75fca000 	C:\Windows\system32\KERNELBASE.dll
0x77550000 - 0x775f0000 	C:\Windows\system32\ADVAPI32.dll
0x765d0000 - 0x7667c000 	C:\Windows\system32\msvcrt.dll
0x77ee0000 - 0x77ef9000 	C:\Windows\SYSTEM32\sechost.dll
0x775f0000 - 0x77691000 	C:\Windows\system32\RPCRT4.dll
0x77c80000 - 0x77d49000 	C:\Windows\system32\USER32.dll
0x76440000 - 0x7648e000 	C:\Windows\system32\GDI32.dll
0x76560000 - 0x7656a000 	C:\Windows\system32\LPK.dll
0x764c0000 - 0x7655d000 	C:\Windows\system32\USP10.dll
0x74790000 - 0x7492e000 	C:\Windows\WinSxS\x86_microsoft.windows.common-controls_6595b64144ccf1df_6.0.7600.16385_none_421189da2b7fabfc\COMCTL32.dll
0x762b0000 - 0x76307000 	C:\Windows\system32\SHLWAPI.dll
0x76490000 - 0x764af000 	C:\Windows\system32\IMM32.DLL
0x761e0000 - 0x762ac000 	C:\Windows\system32\MSCTF.dll
0x5f890000 - 0x5f94e000 	C:\Program Files\Java\jre7\bin\msvcr100.dll
0x71b60000 - 0x71e81000 	C:\Program Files\Java\jre7\bin\client\jvm.dll
0x70d70000 - 0x70d77000 	C:\Windows\system32\WSOCK32.dll
0x77ea0000 - 0x77ed5000 	C:\Windows\system32\WS2_32.dll
0x764b0000 - 0x764b6000 	C:\Windows\system32\NSI.dll
0x74a70000 - 0x74aa2000 	C:\Windows\system32\WINMM.dll
0x77e90000 - 0x77e95000 	C:\Windows\system32\PSAPI.DLL
0x738f0000 - 0x738fc000 	C:\Program Files\Java\jre7\bin\verify.dll
0x73760000 - 0x73780000 	C:\Program Files\Java\jre7\bin\java.dll
0x64900000 - 0x6492a000 	C:\Program Files\Java\jre7\bin\jdwp.dll
0x73150000 - 0x73157000 	C:\Program Files\Java\jre7\bin\npt.dll
0x73740000 - 0x73753000 	C:\Program Files\Java\jre7\bin\zip.dll
0x74b80000 - 0x74b88000 	C:\Program Files\Java\jre7\bin\dt_socket.dll
0x74b40000 - 0x74b50000 	C:\Windows\system32\NLAapi.dll
0x75950000 - 0x7598c000 	C:\Windows\System32\mswsock.dll
0x75810000 - 0x75854000 	C:\Windows\system32\DNSAPI.dll
0x6ea40000 - 0x6ea48000 	C:\Windows\System32\winrnr.dll
0x6ea30000 - 0x6ea40000 	C:\Windows\system32\napinsp.dll
0x6ea10000 - 0x6ea22000 	C:\Windows\system32\pnrpnsp.dll
0x6f7e0000 - 0x6f7ed000 	C:\Windows\system32\wshbth.dll
0x72e40000 - 0x72e5c000 	C:\Windows\system32\IPHLPAPI.DLL
0x72e30000 - 0x72e37000 	C:\Windows\system32\WINNSI.DLL
0x734c0000 - 0x734f8000 	C:\Windows\System32\fwpuclnt.dll
0x6f170000 - 0x6f176000 	C:\Windows\system32\rasadhlp.dll
0x75470000 - 0x75475000 	C:\Windows\System32\wshtcpip.dll
0x5f5a0000 - 0x5f6e2000 	C:\Program Files\Java\jre7\bin\awt.dll
0x76310000 - 0x7639f000 	C:\Windows\system32\OLEAUT32.dll
0x77a00000 - 0x77b5c000 	C:\Windows\system32\ole32.dll
0x73c10000 - 0x73c23000 	C:\Windows\system32\DWMAPI.DLL
0x74080000 - 0x740c0000 	C:\Windows\system32\uxtheme.dll
0x75e60000 - 0x75e6c000 	C:\Windows\system32\CRYPTBASE.dll
0x76700000 - 0x77349000 	C:\Windows\system32\SHELL32.dll
0x68de0000 - 0x68e0a000 	C:\Program Files\Java\jre7\bin\fontmanager.dll
0x763b0000 - 0x76433000 	C:\Windows\system32\CLBCatQ.DLL
0x00a00000 - 0x00a08000 	C:\Program Files\Internet Download Manager\idmmkb.dll

VM Arguments:
jvm_args: -agentlib:jdwp=transport=dt_socket,suspend=y,address=localhost:51636 -Dfile.encoding=Cp1252 
java_command: Test
Launcher Type: SUN_STANDARD

Environment Variables:
PATH=C:/Program Files/Java/jre7/bin/client;C:/Program Files/Java/jre7/bin;C:/Program Files/Java/jre7/lib/i386;C:\Program Files\PC Connectivity Solution\;C:\Program Files\AMD APP\bin\x86;C:\Windows\system32;C:\Windows;C:\Windows\System32\Wbem;C:\Windows\System32\WindowsPowerShell\v1.0\;C:\Program Files\Microsoft SQL Server\90\Tools\binn\;C:\Program Files\ATI Technologies\ATI.ACE\Core-Static;C:\Program Files\Intel\WiFi\bin\;C:\Program Files\Common Files\Intel\WirelessCommon\;C:\Program Files\Java\jdk1.7.0_01\bin;C:\Program Files\Intel\WiFi\bin\;C:\Program Files\Common Files\Intel\WirelessCommon\;C:\Soft's\eclipse;
USERNAME=Administrator
OS=Windows_NT
PROCESSOR_IDENTIFIER=x86 Family 6 Model 42 Stepping 7, GenuineIntel



---------------  S Y S T E M  ---------------

OS: Windows 7 Build 7600 

CPU:total 4 (2 cores per cpu, 2 threads per core) family 6 model 42 stepping 7, cmov, cx8, fxsr, mmx, sse, sse2, sse3, ssse3, sse4.1, sse4.2, popcnt, ht

Memory: 4k page, physical 2570096k(1078128k free), swap 5138428k(3131768k free)

vm_info: Java HotSpot(TM) Client VM (21.1-b02) for windows-x86 JRE (1.7.0_01-b08), built on Oct  3 2011 02:11:36 by "java_re" with unknown MS VC++:1600

time: Thu Jan 26 18:18:18 2012
elapsed time: 14 seconds

